[2026-07-01 18:40:24,355] NetworkSecurity - INFO - Initiate the data ingestion
[2026-07-01 18:40:30,556] NetworkSecurity - INFO - Performed train test split
[2026-07-01 18:40:30,556] NetworkSecurity - INFO - Exited split_data_as_train_test method of Data_Ingestion class
[2026-07-01 18:40:30,557] NetworkSecurity - INFO - Exporting train and test split
[2026-07-01 18:40:30,638] NetworkSecurity - INFO - Exported train and test split file path
[2026-07-01 18:40:30,640] NetworkSecurity - INFO - Data Initiation Completed
[2026-07-01 18:40:30,655] NetworkSecurity - INFO - Initiate the data validation
[2026-07-01 18:40:30,688] NetworkSecurity - INFO - Required no of Columns:2
[2026-07-01 18:40:30,689] NetworkSecurity - INFO - Dataframe has Columns:31
[2026-07-01 18:40:30,689] NetworkSecurity - INFO - Required no of Columns:2
[2026-07-01 18:40:30,690] NetworkSecurity - INFO - Dataframe has Columns:31
[2026-07-01 18:40:30,926] NetworkSecurity - INFO - data validation completed
[2026-07-01 18:40:30,926] NetworkSecurity - INFO - data transformation started
[2026-07-01 18:40:30,927] NetworkSecurity - INFO - Starting data transformation
[2026-07-01 18:40:30,958] NetworkSecurity - INFO - Entered get_transformer object method of transformation class
[2026-07-01 18:40:30,977] NetworkSecurity - INFO - Entered the save object method of main utils class
[2026-07-01 18:40:30,983] NetworkSecurity - INFO - Exited the save object method of main utils class
[2026-07-01 18:40:30,986] NetworkSecurity - INFO - Data transformation completed
[2026-07-01 18:40:30,986] NetworkSecurity - INFO - Model training started
[2026-07-01 18:48:29,788] NetworkSecurity - INFO - Best model selected: Random Forest
[2026-07-01 18:48:29,788] NetworkSecurity - INFO - Training metrics: ClassificationMetricArtifact(f1_score=0.9911863033127343, precision_score=0.9882828282828283, recall_score=0.994106888843731)
[2026-07-01 18:48:29,788] NetworkSecurity - INFO - Testing metrics: ClassificationMetricArtifact(f1_score=0.9743589743589743, precision_score=0.9650793650793651, recall_score=0.9838187702265372)
[2026-07-01 18:48:29,791] NetworkSecurity - INFO - Entered the save object method of main utils class
[2026-07-01 18:48:29,798] NetworkSecurity - INFO - Exited the save object method of main utils class
[2026-07-01 18:48:29,798] NetworkSecurity - INFO - Model trainer artifact: ModelTrainerArtifact(trained_model_file_path='Artifacts\\07_01_2026_18_40_16\\modeltraining\\trained_model\\model.pkl', train_metric_artifact=ClassificationMetricArtifact(f1_score=0.9911863033127343, precision_score=0.9882828282828283, recall_score=0.994106888843731), test_metric_artifact=ClassificationMetricArtifact(f1_score=0.9743589743589743, precision_score=0.9650793650793651, recall_score=0.9838187702265372))
[2026-07-01 18:48:29,798] NetworkSecurity - INFO - Model training completed
